{"name":"MAIN","hostname":"Michaels-MBPr-2.lan","pid":8450,"level":30,"msg":"Registering GET at uri /login","time":"2017-06-27T13:21:52.427Z","v":0}
{"name":"MAIN","hostname":"Michaels-MBPr-2.lan","pid":8457,"level":30,"msg":"Registering GET at uri /login","time":"2017-06-27T13:22:02.127Z","v":0}
{"name":"MAIN","hostname":"Michaels-MBPr-2.lan","pid":8471,"level":30,"msg":"Registering GET at uri /login","time":"2017-06-27T13:23:48.080Z","v":0}
{"name":"MAIN","hostname":"Michaels-MBPr-2.lan","pid":8490,"level":30,"msg":"Registering GET at uri /login","time":"2017-06-27T13:24:29.699Z","v":0}
{"name":"MAIN","hostname":"Michaels-MBPr-2.lan","pid":8500,"level":30,"msg":"Registering GET at uri /login","time":"2017-06-27T13:24:45.847Z","v":0}
{"name":"MAIN","hostname":"Michaels-MBPr-2.lan","pid":8798,"level":30,"msg":"Registering GET at uri /login","time":"2017-06-27T13:52:36.771Z","v":0}
{"name":"MAIN","hostname":"Michaels-MBPr-2.lan","pid":12330,"level":30,"msg":"Registering GET at uri /login","time":"2017-06-27T19:20:55.195Z","v":0}
{"name":"MAIN","hostname":"Michaels-MBPr-2.lan","pid":12353,"level":30,"msg":"Registering GET at uri /login","time":"2017-06-27T19:21:16.886Z","v":0}
{"name":"MAIN","hostname":"Michaels-MBPr-2.lan","pid":12377,"level":30,"msg":"Registering GET at uri /login","time":"2017-06-27T19:22:22.430Z","v":0}
{"name":"MAIN","hostname":"Michaels-MBPr-2.lan","pid":15525,"level":30,"msg":"Registering GET at uri /login","time":"2017-06-28T17:19:54.861Z","v":0}
{"name":"MAIN","hostname":"Michaels-MBPr-2.lan","pid":15525,"level":30,"msg":"Registering GET at uri /create","time":"2017-06-28T17:19:54.868Z","v":0}
{"name":"MAIN","hostname":"Michaels-MBPr-2.lan","pid":15755,"level":30,"msg":"Registering GET at uri /login","time":"2017-06-28T17:40:36.918Z","v":0}
{"name":"MAIN","hostname":"Michaels-MBPr-2.lan","pid":15761,"level":30,"msg":"Registering GET at uri /login","time":"2017-06-28T17:41:13.728Z","v":0}
{"name":"MAIN","hostname":"Michaels-MBPr-2.lan","pid":15766,"level":30,"msg":"Registering GET at uri /login","time":"2017-06-28T17:41:30.594Z","v":0}
{"name":"MAIN","hostname":"Michaels-MBPr-2.lan","pid":18469,"level":30,"msg":"Registering GET at uri /login","time":"2017-06-30T12:38:15.598Z","v":0}
{"name":"MAIN","hostname":"Michaels-MBPr-2.lan","pid":18469,"level":30,"msg":"Registering POST at uri /login","time":"2017-06-30T12:38:15.605Z","v":0}
{"name":"MAIN","hostname":"Michaels-MBPr-2.lan","pid":18469,"level":30,"msg":"Registering GET at uri /:userid","time":"2017-06-30T12:38:15.608Z","v":0}
{"name":"MAIN","hostname":"Michaels-MBPr-2.lan","pid":18469,"level":30,"msg":"Registering POST at uri /","time":"2017-06-30T12:38:15.609Z","v":0}
{"name":"MAIN","hostname":"Michaels-MBPr-2.lan","pid":18494,"level":30,"msg":"Registering GET at uri /login","time":"2017-06-30T12:39:23.123Z","v":0}
{"name":"MAIN","hostname":"Michaels-MBPr-2.lan","pid":18494,"level":30,"msg":"Registering POST at uri /login","time":"2017-06-30T12:39:23.133Z","v":0}
{"name":"MAIN","hostname":"Michaels-MBPr-2.lan","pid":18494,"level":30,"msg":"Registering GET at uri /:userid","time":"2017-06-30T12:39:23.139Z","v":0}
{"name":"MAIN","hostname":"Michaels-MBPr-2.lan","pid":18494,"level":30,"msg":"Registering POST at uri /","time":"2017-06-30T12:39:23.139Z","v":0}
{"name":"MAIN","hostname":"Michaels-MBPr-2.lan","pid":18510,"level":30,"msg":"Registering GET at uri /login","time":"2017-06-30T12:39:50.080Z","v":0}
{"name":"MAIN","hostname":"Michaels-MBPr-2.lan","pid":18510,"level":30,"msg":"Registering POST at uri /login","time":"2017-06-30T12:39:50.088Z","v":0}
{"name":"MAIN","hostname":"Michaels-MBPr-2.lan","pid":18510,"level":30,"msg":"Registering GET at uri /:userid","time":"2017-06-30T12:39:50.091Z","v":0}
{"name":"MAIN","hostname":"Michaels-MBPr-2.lan","pid":18510,"level":30,"msg":"Registering POST at uri /","time":"2017-06-30T12:39:50.092Z","v":0}
{"name":"MAIN","hostname":"Michaels-MBPr-2.lan","pid":18922,"level":30,"msg":"Registering GET at uri /login","time":"2017-06-30T13:24:28.227Z","v":0}
{"name":"MAIN","hostname":"Michaels-MBPr-2.lan","pid":18922,"level":30,"msg":"Registering POST at uri /login","time":"2017-06-30T13:24:28.231Z","v":0}
{"name":"MAIN","hostname":"Michaels-MBPr-2.lan","pid":18922,"level":30,"msg":"Registering GET at uri /:userid","time":"2017-06-30T13:24:28.234Z","v":0}
{"name":"MAIN","hostname":"Michaels-MBPr-2.lan","pid":18922,"level":30,"msg":"Registering POST at uri /","time":"2017-06-30T13:24:28.235Z","v":0}
{"name":"MAIN","hostname":"Michaels-MBPr-2.lan","pid":18944,"level":30,"msg":"Registering GET at uri /login","time":"2017-06-30T13:25:58.917Z","v":0}
{"name":"MAIN","hostname":"Michaels-MBPr-2.lan","pid":18944,"level":30,"msg":"Registering POST at uri /login","time":"2017-06-30T13:25:58.922Z","v":0}
{"name":"MAIN","hostname":"Michaels-MBPr-2.lan","pid":18944,"level":30,"msg":"Registering GET at uri /:userid","time":"2017-06-30T13:25:58.926Z","v":0}
{"name":"MAIN","hostname":"Michaels-MBPr-2.lan","pid":18944,"level":30,"msg":"Registering POST at uri /","time":"2017-06-30T13:25:58.926Z","v":0}
{"name":"MAIN","hostname":"Michaels-MBPr-2.lan","pid":18954,"level":30,"msg":"Registering GET at uri /login","time":"2017-06-30T13:26:32.582Z","v":0}
{"name":"MAIN","hostname":"Michaels-MBPr-2.lan","pid":18954,"level":30,"msg":"Registering POST at uri /login","time":"2017-06-30T13:26:32.586Z","v":0}
{"name":"MAIN","hostname":"Michaels-MBPr-2.lan","pid":18954,"level":30,"msg":"Registering GET at uri /:userid","time":"2017-06-30T13:26:32.590Z","v":0}
{"name":"MAIN","hostname":"Michaels-MBPr-2.lan","pid":18954,"level":30,"msg":"Registering POST at uri /","time":"2017-06-30T13:26:32.591Z","v":0}
{"name":"MAIN","hostname":"Michaels-MBPr-2.lan","pid":18964,"level":30,"msg":"Registering GET at uri /login","time":"2017-06-30T13:26:54.564Z","v":0}
{"name":"MAIN","hostname":"Michaels-MBPr-2.lan","pid":18964,"level":30,"msg":"Registering POST at uri /login","time":"2017-06-30T13:26:54.569Z","v":0}
{"name":"MAIN","hostname":"Michaels-MBPr-2.lan","pid":18964,"level":30,"msg":"Registering GET at uri /:userid","time":"2017-06-30T13:26:54.574Z","v":0}
{"name":"MAIN","hostname":"Michaels-MBPr-2.lan","pid":18964,"level":30,"msg":"Registering POST at uri /","time":"2017-06-30T13:26:54.574Z","v":0}
{"name":"MAIN","hostname":"Michaels-MBPr-2.lan","pid":18964,"level":30,"msg":"Version Request","time":"2017-06-30T13:27:28.119Z","v":0}
{"name":"MAIN","hostname":"Michaels-MBPr-2.lan","pid":18985,"level":30,"msg":"Registering GET at uri /login","time":"2017-06-30T13:27:44.340Z","v":0}
{"name":"MAIN","hostname":"Michaels-MBPr-2.lan","pid":18985,"level":30,"msg":"Registering POST at uri /login","time":"2017-06-30T13:27:44.344Z","v":0}
{"name":"MAIN","hostname":"Michaels-MBPr-2.lan","pid":18985,"level":30,"msg":"Registering GET at uri /:userid","time":"2017-06-30T13:27:44.349Z","v":0}
{"name":"MAIN","hostname":"Michaels-MBPr-2.lan","pid":18985,"level":30,"msg":"Registering POST at uri /","time":"2017-06-30T13:27:44.350Z","v":0}
{"name":"MAIN","hostname":"Michaels-MBPr-2.lan","pid":19022,"level":30,"msg":"Registering GET at uri /login","time":"2017-06-30T13:29:17.251Z","v":0}
{"name":"MAIN","hostname":"Michaels-MBPr-2.lan","pid":19022,"level":30,"msg":"Registering POST at uri /login","time":"2017-06-30T13:29:17.255Z","v":0}
{"name":"MAIN","hostname":"Michaels-MBPr-2.lan","pid":19022,"level":30,"msg":"Registering GET at uri /:userid","time":"2017-06-30T13:29:17.259Z","v":0}
{"name":"MAIN","hostname":"Michaels-MBPr-2.lan","pid":19022,"level":30,"msg":"Registering POST at uri /","time":"2017-06-30T13:29:17.259Z","v":0}
{"name":"MAIN","hostname":"Michaels-MBPr-2.lan","pid":19036,"level":30,"msg":"Registering GET at uri /login","time":"2017-06-30T13:29:39.556Z","v":0}
{"name":"MAIN","hostname":"Michaels-MBPr-2.lan","pid":19036,"level":30,"msg":"Registering POST at uri /login","time":"2017-06-30T13:29:39.562Z","v":0}
{"name":"MAIN","hostname":"Michaels-MBPr-2.lan","pid":19036,"level":30,"msg":"Registering GET at uri /:userid","time":"2017-06-30T13:29:39.568Z","v":0}
{"name":"MAIN","hostname":"Michaels-MBPr-2.lan","pid":19036,"level":30,"msg":"Registering POST at uri /","time":"2017-06-30T13:29:39.568Z","v":0}
{"name":"MAIN","hostname":"Michaels-MBPr-2.lan","pid":19036,"level":30,"msg":"Version Request","time":"2017-06-30T13:29:40.600Z","v":0}
{"name":"MAIN","hostname":"Michaels-MBPr-2.lan","pid":19036,"level":30,"msg":"Version Request","time":"2017-06-30T13:29:42.273Z","v":0}
{"name":"MAIN","hostname":"Michaels-MBPr-2.lan","pid":19047,"level":30,"msg":"Registering GET at uri /login","time":"2017-06-30T13:29:56.758Z","v":0}
{"name":"MAIN","hostname":"Michaels-MBPr-2.lan","pid":19047,"level":30,"msg":"Registering POST at uri /login","time":"2017-06-30T13:29:56.773Z","v":0}
{"name":"MAIN","hostname":"Michaels-MBPr-2.lan","pid":19047,"level":30,"msg":"Registering GET at uri /:userid","time":"2017-06-30T13:29:56.779Z","v":0}
{"name":"MAIN","hostname":"Michaels-MBPr-2.lan","pid":19047,"level":30,"msg":"Registering POST at uri /","time":"2017-06-30T13:29:56.780Z","v":0}
{"name":"MAIN","hostname":"Michaels-MBPr-2.lan","pid":19047,"level":30,"msg":"Version Request","time":"2017-06-30T13:29:58.501Z","v":0}
{"name":"MAIN","hostname":"Michaels-MBPr-2.lan","pid":19356,"level":30,"msg":"Registering GET at uri /login","time":"2017-06-30T14:09:15.005Z","v":0}
{"name":"MAIN","hostname":"Michaels-MBPr-2.lan","pid":19356,"level":30,"msg":"Registering POST at uri /login","time":"2017-06-30T14:09:15.010Z","v":0}
{"name":"MAIN","hostname":"Michaels-MBPr-2.lan","pid":19356,"level":30,"msg":"Registering GET at uri /:userid","time":"2017-06-30T14:09:15.017Z","v":0}
{"name":"MAIN","hostname":"Michaels-MBPr-2.lan","pid":19356,"level":30,"msg":"Registering POST at uri /","time":"2017-06-30T14:09:15.018Z","v":0}
{"name":"MAIN","hostname":"Michaels-MBPr-2.lan","pid":19356,"level":30,"msg":"Version Request","time":"2017-06-30T14:09:18.481Z","v":0}
{"name":"MAIN","hostname":"Michaels-MBPr-2.lan","pid":19368,"level":30,"msg":"Registering GET at uri /login","time":"2017-06-30T14:09:52.954Z","v":0}
{"name":"MAIN","hostname":"Michaels-MBPr-2.lan","pid":19368,"level":30,"msg":"Registering POST at uri /login","time":"2017-06-30T14:09:52.958Z","v":0}
{"name":"MAIN","hostname":"Michaels-MBPr-2.lan","pid":19368,"level":30,"msg":"Registering GET at uri /:userid","time":"2017-06-30T14:09:52.961Z","v":0}
{"name":"MAIN","hostname":"Michaels-MBPr-2.lan","pid":19368,"level":30,"msg":"Registering POST at uri /","time":"2017-06-30T14:09:52.961Z","v":0}
